# JRE version: Java(TM) SE Runtime Environment (17.0.10+11) (build 17.0.10+11-LTS-240)
# Java VM: Java HotSpot(TM) 64-Bit Server VM (17.0.10+11-LTS-240, mixed mode, sharing, tiered, compressed oops, compressed class ptrs, g1 gc, windows-amd64)
GC Precious Log:
 CPUs: 4 total, 4 available
 Memory: 3933M
 Large Page Support: Disabled
 NUMA Support: Disabled
 Compressed Oops: Enabled (32-bit)
 Heap Region Size: 1M
 Heap Min Capacity: 8M
 Heap Initial Capacity: 62M
 Heap Max Capacity: 984M
 Pre-touch: Disabled
 Parallel Workers: 4
 Concurrent Workers: 1
 Concurrent Refinement Workers: 4
 Periodic GC: Disabled
Heap:
 garbage-first heap   total 63488K, used 22457K [0x00000000c2800000, 0x0000000100000000)
  region size 1024K, 2 young (2048K), 2 survivors (2048K)
 Metaspace       used 50164K, committed 50688K, reserved 1114112K
  class space    used 6627K, committed 6912K, reserved 1048576K
GC Heap History (20 events):
Event: 1.721 GC heap after
{Heap after GC invocations=3 (full 0):
 garbage-first heap   total 63488K, used 9213K [0x00000000c2800000, 0x0000000100000000)
  region size 1024K, 3 young (3072K), 3 survivors (3072K)
 Metaspace       used 11466K, committed 11712K, reserved 1114112K
  class space    used 1379K, committed 1536K, reserved 1048576K
}
Event: 2.319 GC heap before
{Heap before GC invocations=3 (full 0):
 garbage-first heap   total 63488K, used 38909K [0x00000000c2800000, 0x0000000100000000)
  region size 1024K, 33 young (33792K), 3 survivors (3072K)
 Metaspace       used 18378K, committed 18688K, reserved 1114112K
  class space    used 2261K, committed 2432K, reserved 1048576K
}
Event: 2.327 GC heap after
{Heap after GC invocations=4 (full 0):
 garbage-first heap   total 63488K, used 12326K [0x00000000c2800000, 0x0000000100000000)
  region size 1024K, 5 young (5120K), 5 survivors (5120K)
 Metaspace       used 18378K, committed 18688K, reserved 1114112K
  class space    used 2261K, committed 2432K, reserved 1048576K
}
Event: 3.094 GC heap before
{Heap before GC invocations=4 (full 0):
 garbage-first heap   total 63488K, used 37926K [0x00000000c2800000, 0x0000000100000000)
  region size 1024K, 31 young (31744K), 5 survivors (5120K)
 Metaspace       used 21215K, committed 21504K, reserved 1114112K
  class space    used 2594K, committed 2752K, reserved 1048576K
}
Event: 3.100 GC heap after
{Heap after GC invocations=5 (full 0):
 garbage-first heap   total 63488K, used 14058K [0x00000000c2800000, 0x0000000100000000)
  region size 1024K, 3 young (3072K), 3 survivors (3072K)
 Metaspace       used 21215K, committed 21504K, reserved 1114112K
  class space    used 2594K, committed 2752K, reserved 1048576K
}
Event: 4.042 GC heap before
{Heap before GC invocations=6 (full 0):
 garbage-first heap   total 55296K, used 43754K [0x00000000c2800000, 0x0000000100000000)
  region size 1024K, 32 young (32768K), 3 survivors (3072K)
 Metaspace       used 26351K, committed 26688K, reserved 1114112K
  class space    used 3364K, committed 3520K, reserved 1048576K
}
Event: 4.048 GC heap after
{Heap after GC invocations=7 (full 0):
 garbage-first heap   total 55296K, used 16555K [0x00000000c2800000, 0x0000000100000000)
  region size 1024K, 4 young (4096K), 4 survivors (4096K)
 Metaspace       used 26351K, committed 26688K, reserved 1114112K
  class space    used 3364K, committed 3520K, reserved 1048576K
}
Event: 4.074 GC heap before
{Heap before GC invocations=7 (full 0):
 garbage-first heap   total 55296K, used 17579K [0x00000000c2800000, 0x0000000100000000)
  region size 1024K, 5 young (5120K), 4 survivors (4096K)
 Metaspace       used 26633K, committed 27072K, reserved 1114112K
  class space    used 3386K, committed 3584K, reserved 1048576K
}
Event: 4.079 GC heap after
{Heap after GC invocations=8 (full 0):
 garbage-first heap   total 55296K, used 17298K [0x00000000c2800000, 0x0000000100000000)
  region size 1024K, 1 young (1024K), 1 survivors (1024K)
 Metaspace       used 26633K, committed 27072K, reserved 1114112K
  class space    used 3386K, committed 3584K, reserved 1048576K
}
Event: 4.587 GC heap before
{Heap before GC invocations=8 (full 0):
 garbage-first heap   total 55296K, used 37778K [0x00000000c2800000, 0x0000000100000000)
  region size 1024K, 22 young (22528K), 1 survivors (1024K)
 Metaspace       used 30102K, committed 30528K, reserved 1114112K
  class space    used 3811K, committed 4032K, reserved 1048576K
}
Event: 4.589 GC heap after
{Heap after GC invocations=9 (full 0):
 garbage-first heap   total 55296K, used 17932K [0x00000000c2800000, 0x0000000100000000)
  region size 1024K, 2 young (2048K), 2 survivors (2048K)
 Metaspace       used 30102K, committed 30528K, reserved 1114112K
  class space    used 3811K, committed 4032K, reserved 1048576K
}
Event: 5.111 GC heap before
{Heap before GC invocations=9 (full 0):
 garbage-first heap   total 55296K, used 39436K [0x00000000c2800000, 0x0000000100000000)
  region size 1024K, 23 young (23552K), 2 survivors (2048K)
 Metaspace       used 35070K, committed 35520K, reserved 1114112K
  class space    used 4647K, committed 4864K, reserved 1048576K
}
Event: 5.114 GC heap after
{Heap after GC invocations=10 (full 0):
 garbage-first heap   total 55296K, used 18978K [0x00000000c2800000, 0x0000000100000000)
  region size 1024K, 3 young (3072K), 3 survivors (3072K)
 Metaspace       used 35070K, committed 35520K, reserved 1114112K
  class space    used 4647K, committed 4864K, reserved 1048576K
}
Event: 5.154 GC heap before
{Heap before GC invocations=10 (full 0):
 garbage-first heap   total 55296K, used 20002K [0x00000000c2800000, 0x0000000100000000)
  region size 1024K, 5 young (5120K), 3 survivors (3072K)
 Metaspace       used 35571K, committed 35968K, reserved 1114112K
  class space    used 4724K, committed 4928K, reserved 1048576K
}
Event: 5.157 GC heap after
{Heap after GC invocations=11 (full 0):
 garbage-first heap   total 55296K, used 19185K [0x00000000c2800000, 0x0000000100000000)
  region size 1024K, 2 young (2048K), 2 survivors (2048K)
 Metaspace       used 35571K, committed 35968K, reserved 1114112K
  class space    used 4724K, committed 4928K, reserved 1048576K
}
Event: 5.987 GC heap before
{Heap before GC invocations=12 (full 0):
 garbage-first heap   total 55296K, used 41713K [0x00000000c2800000, 0x0000000100000000)
  region size 1024K, 24 young (24576K), 2 survivors (2048K)
 Metaspace       used 45134K, committed 45568K, reserved 1114112K
  class space    used 5899K, committed 6080K, reserved 1048576K
}
Event: 5.993 GC heap after
{Heap after GC invocations=13 (full 0):
 garbage-first heap   total 55296K, used 21323K [0x00000000c2800000, 0x0000000100000000)
  region size 1024K, 3 young (3072K), 3 survivors (3072K)
 Metaspace       used 45134K, committed 45568K, reserved 1114112K
  class space    used 5899K, committed 6080K, reserved 1048576K
}
Event: 6.016 GC heap before
{Heap before GC invocations=13 (full 0):
 garbage-first heap   total 55296K, used 22347K [0x00000000c2800000, 0x0000000100000000)
  region size 1024K, 4 young (4096K), 3 survivors (3072K)
 Metaspace       used 45355K, committed 45824K, reserved 1114112K
  class space    used 5916K, committed 6144K, reserved 1048576K
}
Event: 6.022 GC heap after
{Heap after GC invocations=14 (full 0):
 garbage-first heap   total 55296K, used 21670K [0x00000000c2800000, 0x0000000100000000)
  region size 1024K, 1 young (1024K), 1 survivors (1024K)
 Metaspace       used 45355K, committed 45824K, reserved 1114112K
  class space    used 5916K, committed 6144K, reserved 1048576K
}
Event: 6.398 GC heap before
{Heap before GC invocations=14 (full 0):
 garbage-first heap   total 55296K, used 41126K [0x00000000c2800000, 0x0000000100000000)
  region size 1024K, 21 young (21504K), 1 survivors (1024K)
 Metaspace       used 50164K, committed 50688K, reserved 1114112K
  class space    used 6627K, committed 6912K, reserved 1048576K
}

